-------------------------------------------------------------------------------
Test set: com.SaasRRHH.main.services.impl.RegistroAsistenciaServiceImplTest
-------------------------------------------------------------------------------
Tests run: 3, Failures: 1, Errors: 0, Skipped: 0, Time elapsed: 0.015 s <<< FAILURE! -- in com.SaasRRHH.main.services.impl.RegistroAsistenciaServiceImplTest
com.SaasRRHH.main.services.impl.RegistroAsistenciaServiceImplTest.registrarEntrada_lanzaErrorCuandoYaMarcoHoy -- Time elapsed: 0.005 s <<< FAILURE!
org.opentest4j.AssertionFailedError: expected: <El empleado ya registró entrada hoy> but was: <El empleado ya registro entrada hoy>
	at org.junit.jupiter.api.AssertionFailureBuilder.build(AssertionFailureBuilder.java:151)
	at org.junit.jupiter.api.AssertionFailureBuilder.buildAndThrow(AssertionFailureBuilder.java:132)
	at org.junit.jupiter.api.AssertEquals.failNotEqual(AssertEquals.java:197)
	at org.junit.jupiter.api.AssertEquals.assertEquals(AssertEquals.java:182)
	at org.junit.jupiter.api.AssertEquals.assertEquals(AssertEquals.java:177)
	at org.junit.jupiter.api.Assertions.assertEquals(Assertions.java:1145)
	at com.SaasRRHH.main.services.impl.RegistroAsistenciaServiceImplTest.registrarEntrada_lanzaErrorCuandoYaMarcoHoy(RegistroAsistenciaServiceImplTest.java:79)
	at java.base/java.lang.reflect.Method.invoke(Method.java:568)
	at java.base/java.util.ArrayList.forEach(ArrayList.java:1511)
	at java.base/java.util.ArrayList.forEach(ArrayList.java:1511)

