<?xml version="1.0" encoding="UTF-8"?>
<testsuite xmlns:xsi="http://www.w3.org/2001/XMLSchema-instance" xsi:noNamespaceSchemaLocation="https://maven.apache.org/surefire/maven-surefire-plugin/xsd/surefire-test-report-3.0.xsd" version="3.0" name="com.SaasRRHH.main.controller.AuthControllerTest" time="12.046" tests="14" errors="4" skipped="0" failures="3">
  <properties>
[...]
</properties>
  <testcase name="loginEsRutaPublica" classname="com.SaasRRHH.main.controller.AuthControllerTest" time="0.409">
    <failure message="Status expected:&lt;200&gt; but was:&lt;401&gt;" type="java.lang.AssertionError"><![CDATA[java.lang.AssertionError: Status expected:<200> but was:<401>
	at org.springframework.test.util.AssertionErrors.fail(AssertionErrors.java:59)
	at org.springframework.test.util.AssertionErrors.assertEquals(AssertionErrors.java:122)
	at org.springframework.test.web.servlet.result.StatusResultMatchers.lambda$matcher$9(StatusResultMatchers.java:637)
	at org.springframework.test.web.servlet.MockMvc$1.andExpect(MockMvc.java:214)
	at com.SaasRRHH.main.controller.AuthControllerTest.loginEsRutaPublica(AuthControllerTest.java:241)
	at java.base/java.lang.reflect.Method.invoke(Method.java:568)
	at java.base/java.util.ArrayList.forEach(ArrayList.java:1511)
	at java.base/java.util.ArrayList.forEach(ArrayList.java:1511)
]]></failure>
    <system-out><![CDATA[2026-07-02T08:42:14.270-05:00  INFO 28764 --- [main] [           main] t.c.s.AnnotationConfigContextLoaderUtils : Could not detect default configuration classes for test class [com.SaasRRHH.main.controller.AuthControllerTest]: AuthControllerTest does not declare any static, non-private, non-final, nested classes annotated with @Configuration.
2026-07-02T08:42:14.277-05:00  INFO 28764 --- [main] [           main] .b.t.c.SpringBootTestContextBootstrapper : Found @SpringBootConfiguration com.SaasRRHH.main.MainApplication for test class com.SaasRRHH.main.controller.AuthControllerTest
2026-07-02T08:42:14.293-05:00  INFO 28764 --- [main] [           main] o.s.b.d.r.RestartApplicationListener     : Restart disabled due to context in which it is running

  .   ____          _            __ _ _
 /\\ / ___'_ __ _ _(_)_ __  __ _ \ \ \ \
( ( )\___ | '_ | '_| | '_ \/ _` | \ \ \ \
 \\/  ___)| |_)| | | | | || (_| |  ) ) ) )
  '  |____| .__|_| |_|_| |_\__, | / / / /
 =========|_|==============|___/=/_/_/_/
 :: Spring Boot ::                (v3.2.1)

2026-07-02T08:42:14.339-05:00  INFO 28764 --- [main] [           main] c.S.main.controller.AuthControllerTest   : Starting AuthControllerTest using Java 17.0.12 with PID 28764 (started by Nancy Sandoval in C:\Users\Nancy Sandoval\OneDrive\Documentos\SaasRRHH\SaaSRRHH\backend)
2026-07-02T08:42:14.339-05:00  INFO 28764 --- [main] [           main] c.S.main.controller.AuthControllerTest   : The following 1 profile is active: "test"
2026-07-02T08:42:15.330-05:00  INFO 28764 --- [main] [           main] .s.d.r.c.RepositoryConfigurationDelegate : Bootstrapping Spring Data JPA repositories in DEFAULT mode.
2026-07-02T08:42:15.678-05:00  INFO 28764 --- [main] [           main] .s.d.r.c.RepositoryConfigurationDelegate : Finished Spring Data repository scanning in 318 ms. Found 20 JPA repository interfaces.
2026-07-02T08:42:16.609-05:00  INFO 28764 --- [main] [           main] o.hibernate.jpa.internal.util.LogHelper  : HHH000204: Processing PersistenceUnitInfo [name: default]
2026-07-02T08:42:16.762-05:00  INFO 28764 --- [main] [           main] org.hibernate.Version                    : HHH000412: Hibernate ORM core version 6.4.1.Final
2026-07-02T08:42:16.825-05:00  INFO 28764 --- [main] [           main] o.h.c.internal.RegionFactoryInitiator    : HHH000026: Second-level cache disabled
2026-07-02T08:42:17.052-05:00  INFO 28764 --- [main] [           main] o.s.o.j.p.SpringPersistenceUnitInfo      : No LoadTimeWeaver setup: ignoring JPA class transformer
2026-07-02T08:42:17.118-05:00  INFO 28764 --- [main] [           main] com.zaxxer.hikari.HikariDataSource       : HikariPool-1 - Starting...
2026-07-02T08:42:17.515-05:00  INFO 28764 --- [main] [           main] com.zaxxer.hikari.pool.HikariPool        : HikariPool-1 - Added connection org.postgresql.jdbc.PgConnection@3a7abd4
2026-07-02T08:42:17.518-05:00  INFO 28764 --- [main] [           main] com.zaxxer.hikari.HikariDataSource       : HikariPool-1 - Start completed.
2026-07-02T08:42:19.818-05:00  INFO 28764 --- [main] [           main] o.h.e.t.j.p.i.JtaPlatformInitiator       : HHH000489: No JTA platform available (set 'hibernate.transaction.jta.platform' to enable JTA platform integration)
2026-07-02T08:42:20.240-05:00  INFO 28764 --- [main] [           main] j.LocalContainerEntityManagerFactoryBean : Initialized JPA EntityManagerFactory for persistence unit 'default'
2026-07-02T08:42:21.306-05:00  INFO 28764 --- [main] [           main] o.s.d.j.r.query.QueryEnhancerFactory     : Hibernate is in classpath; If applicable, HQL parser will be used.
2026-07-02T08:42:24.752-05:00  INFO 28764 --- [main] [           main] o.s.s.web.DefaultSecurityFilterChain     : Will secure any request with [org.springframework.security.web.session.DisableEncodeUrlFilter@5ac24c22, org.springframework.security.web.context.request.async.WebAsyncManagerIntegrationFilter@6d988e94, org.springframework.security.web.context.SecurityContextHolderFilter@728a40d1, org.springframework.security.web.header.HeaderWriterFilter@73aed147, org.springframework.web.filter.CorsFilter@3f58c971, org.springframework.security.web.authentication.logout.LogoutFilter@68cbe4da, com.SaasRRHH.main.security.JwtAuthenticationFilter@2ffa9d20, org.springframework.security.web.savedrequest.RequestCacheAwareFilter@77ab932e, org.springframework.security.web.servletapi.SecurityContextHolderAwareRequestFilter@2f28710a, org.springframework.security.web.authentication.AnonymousAuthenticationFilter@6516130c, org.springframework.security.web.session.SessionManagementFilter@55464dd5, org.springframework.security.web.access.ExceptionTranslationFilter@6c097c50, org.springframework.security.web.access.intercept.AuthorizationFilter@2f1ea14f]
2026-07-02T08:42:25.080-05:00  INFO 28764 --- [main] [           main] o.s.b.t.m.w.SpringBootMockServletContext : Initializing Spring TestDispatcherServlet ''
2026-07-02T08:42:25.080-05:00  INFO 28764 --- [main] [           main] o.s.t.web.servlet.TestDispatcherServlet  : Initializing Servlet ''
2026-07-02T08:42:25.080-05:00  INFO 28764 --- [main] [           main] o.s.t.web.servlet.TestDispatcherServlet  : Completed initialization in 0 ms
2026-07-02T08:42:25.107-05:00  INFO 28764 --- [main] [           main] c.S.main.controller.AuthControllerTest   : Started AuthControllerTest in 10.814 seconds (process running for 23.06)
2026-07-02T08:42:25.254-05:00 DEBUG 28764 --- [main] [           main] org.hibernate.SQL                        : 
    &amp#27;[34mselect&amp#27;[0m
        count(*) 
    &amp#27;[34mfrom&amp#27;[0m
        roles r1_0
&amp#27;[35m[Hibernate]&amp#27;[0m 
    &amp#27;[34mselect&amp#27;[0m
        count(*) 
    &amp#27;[34mfrom&amp#27;[0m
        roles r1_0
2026-07-02T08:42:25.267-05:00  INFO 28764 --- [main] [           main] com.SaasRRHH.main.config.DataSeeder      : Roles ya existen, se omite la seed.
2026-07-02T08:42:25.271-05:00 DEBUG 28764 --- [main] [           main] org.hibernate.SQL                        : 
    &amp#27;[34mselect&amp#27;[0m
        count(*) 
    &amp#27;[34mfrom&amp#27;[0m
        usuarios u1_0
&amp#27;[35m[Hibernate]&amp#27;[0m 
    &amp#27;[34mselect&amp#27;[0m
        count(*) 
    &amp#27;[34mfrom&amp#27;[0m
        usuarios u1_0
2026-07-02T08:42:25.273-05:00  INFO 28764 --- [main] [           main] com.SaasRRHH.main.config.DataSeeder      : Usuarios ya existen, se omite la seed.
2026-07-02T08:42:25.564-05:00 DEBUG 28764 --- [main] [           main] org.hibernate.SQL                        : 
    &amp#27;[34mselect&amp#27;[0m
        u1_0.id,
        u1_0.activo,
        u1_0.apellido,
        u1_0.email,
        u1_0.fecha_creacion,
        u1_0.nombre,
        u1_0.password,
        u1_0.rol_id,
        u1_0.telefono,
        u1_0.ultimo_acceso 
    &amp#27;[34mfrom&amp#27;[0m
        usuarios u1_0 
    &amp#27;[34mwhere&amp#27;[0m
        u1_0.email=?
&amp#27;[35m[Hibernate]&amp#27;[0m 
    &amp#27;[34mselect&amp#27;[0m
        u1_0.id,
        u1_0.activo,
        u1_0.apellido,
        u1_0.email,
        u1_0.fecha_creacion,
        u1_0.nombre,
        u1_0.password,
        u1_0.rol_id,
        u1_0.telefono,
        u1_0.ultimo_acceso 
    &amp#27;[34mfrom&amp#27;[0m
        usuarios u1_0 
    &amp#27;[34mwhere&amp#27;[0m
        u1_0.email=?
2026-07-02T08:42:25.566-05:00 TRACE 28764 --- [main] [           main] org.hibernate.orm.jdbc.bind              : binding parameter (1:VARCHAR) <- [admin@test.com]

MockHttpServletRequest:
      HTTP Method = POST
      Request URI = /api/auth/login
       Parameters = {}
          Headers = [Content-Type:"application/json;charset=UTF-8", Content-Length:"62"]
             Body = {
    "email": "admin@test.com",
    "password": "password"
}

    Session Attrs = {}

Handler:
             Type = com.SaasRRHH.main.controller.AuthController
           Method = com.SaasRRHH.main.controller.AuthController#login(LoginRequestDTO)

Async:
    Async started = false
     Async result = null

Resolved Exception:
             Type = null

ModelAndView:
        View name = null
             View = null
            Model = null

FlashMap:
       Attributes = null

MockHttpServletResponse:
           Status = 401
    Error message = null
          Headers = [Vary:"Origin", "Access-Control-Request-Method", "Access-Control-Request-Headers", Content-Type:"application/json", X-Content-Type-Options:"nosniff", X-XSS-Protection:"0", Cache-Control:"no-cache, no-store, max-age=0, must-revalidate", Pragma:"no-cache", Expires:"0", X-Frame-Options:"DENY"]
     Content type = application/json
             Body = {"error":"Credenciales inválidas"}
    Forwarded URL = null
   Redirected URL = null
          Cookies = []
]]></system-out>
  </testcase>
  <testcase name="accesoConTokenFalso_retorna403" classname="com.SaasRRHH.main.controller.AuthControllerTest" time="0.067"/>
  <testcase name="accesoConTokenSupervisor_aRutaPermitida_retorna200" classname="com.SaasRRHH.main.controller.AuthControllerTest" time="0.009">
    <error message="Usuario no encontrado con email: supervisor@test.com" type="org.springframework.security.core.userdetails.UsernameNotFoundException"><![CDATA[org.springframework.security.core.userdetails.UsernameNotFoundException: Usuario no encontrado con email: supervisor@test.com
	at com.SaasRRHH.main.security.CustomUserDetailsService.lambda$loadUserByUsername$0(CustomUserDetailsService.java:31)
	at java.base/java.util.Optional.orElseThrow(Optional.java:403)
	at com.SaasRRHH.main.security.CustomUserDetailsService.loadUserByUsername(CustomUserDetailsService.java:31)
	at com.SaasRRHH.main.controller.AuthControllerTest.obtenerTokenSupervisor(AuthControllerTest.java:259)
	at com.SaasRRHH.main.controller.AuthControllerTest.accesoConTokenSupervisor_aRutaPermitida_retorna200(AuthControllerTest.java:155)
	at java.base/java.lang.reflect.Method.invoke(Method.java:568)
	at java.base/java.util.ArrayList.forEach(ArrayList.java:1511)
	at java.base/java.util.ArrayList.forEach(ArrayList.java:1511)
]]></error>
    <system-out><![CDATA[2026-07-02T08:42:25.761-05:00 DEBUG 28764 --- [main] [           main] org.hibernate.SQL                        : 
    &amp#27;[34mselect&amp#27;[0m
        u1_0.id,
        u1_0.activo,
        u1_0.apellido,
        u1_0.email,
        u1_0.fecha_creacion,
        u1_0.nombre,
        u1_0.password,
        u1_0.rol_id,
        u1_0.telefono,
        u1_0.ultimo_acceso 
    &amp#27;[34mfrom&amp#27;[0m
        usuarios u1_0 
    &amp#27;[34mwhere&amp#27;[0m
        u1_0.email=?
&amp#27;[35m[Hibernate]&amp#27;[0m 
    &amp#27;[34mselect&amp#27;[0m
        u1_0.id,
        u1_0.activo,
        u1_0.apellido,
        u1_0.email,
        u1_0.fecha_creacion,
        u1_0.nombre,
        u1_0.password,
        u1_0.rol_id,
        u1_0.telefono,
        u1_0.ultimo_acceso 
    &amp#27;[34mfrom&amp#27;[0m
        usuarios u1_0 
    &amp#27;[34mwhere&amp#27;[0m
        u1_0.email=?
2026-07-02T08:42:25.761-05:00 TRACE 28764 --- [main] [           main] org.hibernate.orm.jdbc.bind              : binding parameter (1:VARCHAR) <- [supervisor@test.com]
]]></system-out>
  </testcase>
  <testcase name="accesoSinToken_aDashboard_retorna403" classname="com.SaasRRHH.main.controller.AuthControllerTest" time="0.005"/>
  <testcase name="accesoConTokenAdmin_aRutaProtegida_retorna200" classname="com.SaasRRHH.main.controller.AuthControllerTest" time="0.009">
    <error message="Usuario no encontrado con email: admin@test.com" type="org.springframework.security.core.userdetails.UsernameNotFoundException"><![CDATA[org.springframework.security.core.userdetails.UsernameNotFoundException: Usuario no encontrado con email: admin@test.com
	at com.SaasRRHH.main.security.CustomUserDetailsService.lambda$loadUserByUsername$0(CustomUserDetailsService.java:31)
	at java.base/java.util.Optional.orElseThrow(Optional.java:403)
	at com.SaasRRHH.main.security.CustomUserDetailsService.loadUserByUsername(CustomUserDetailsService.java:31)
	at com.SaasRRHH.main.controller.AuthControllerTest.obtenerTokenAdmin(AuthControllerTest.java:254)
	at com.SaasRRHH.main.controller.AuthControllerTest.accesoConTokenAdmin_aRutaProtegida_retorna200(AuthControllerTest.java:145)
	at java.base/java.lang.reflect.Method.invoke(Method.java:568)
	at java.base/java.util.ArrayList.forEach(ArrayList.java:1511)
	at java.base/java.util.ArrayList.forEach(ArrayList.java:1511)
]]></error>
    <system-out><![CDATA[2026-07-02T08:42:25.777-05:00 DEBUG 28764 --- [main] [           main] org.hibernate.SQL                        : 
    &amp#27;[34mselect&amp#27;[0m
        u1_0.id,
        u1_0.activo,
        u1_0.apellido,
        u1_0.email,
        u1_0.fecha_creacion,
        u1_0.nombre,
        u1_0.password,
        u1_0.rol_id,
        u1_0.telefono,
        u1_0.ultimo_acceso 
    &amp#27;[34mfrom&amp#27;[0m
        usuarios u1_0 
    &amp#27;[34mwhere&amp#27;[0m
        u1_0.email=?
&amp#27;[35m[Hibernate]&amp#27;[0m 
    &amp#27;[34mselect&amp#27;[0m
        u1_0.id,
        u1_0.activo,
        u1_0.apellido,
        u1_0.email,
        u1_0.fecha_creacion,
        u1_0.nombre,
        u1_0.password,
        u1_0.rol_id,
        u1_0.telefono,
        u1_0.ultimo_acceso 
    &amp#27;[34mfrom&amp#27;[0m
        usuarios u1_0 
    &amp#27;[34mwhere&amp#27;[0m
        u1_0.email=?
2026-07-02T08:42:25.778-05:00 TRACE 28764 --- [main] [           main] org.hibernate.orm.jdbc.bind              : binding parameter (1:VARCHAR) <- [admin@test.com]
]]></system-out>
  </testcase>
  <testcase name="login_conCredencialesValidas_devuelveToken" classname="com.SaasRRHH.main.controller.AuthControllerTest" time="0.114">
    <failure message="Status expected:&lt;200&gt; but was:&lt;401&gt;" type="java.lang.AssertionError"><![CDATA[java.lang.AssertionError: Status expected:<200> but was:<401>
	at org.springframework.test.util.AssertionErrors.fail(AssertionErrors.java:59)
	at org.springframework.test.util.AssertionErrors.assertEquals(AssertionErrors.java:122)
	at org.springframework.test.web.servlet.result.StatusResultMatchers.lambda$matcher$9(StatusResultMatchers.java:637)
	at org.springframework.test.web.servlet.MockMvc$1.andExpect(MockMvc.java:214)
	at com.SaasRRHH.main.controller.AuthControllerTest.login_conCredencialesValidas_devuelveToken(AuthControllerTest.java:73)
	at java.base/java.lang.reflect.Method.invoke(Method.java:568)
	at java.base/java.util.ArrayList.forEach(ArrayList.java:1511)
	at java.base/java.util.ArrayList.forEach(ArrayList.java:1511)
]]></failure>
    <system-out><![CDATA[2026-07-02T08:42:25.791-05:00 DEBUG 28764 --- [main] [           main] org.hibernate.SQL                        : 
    &amp#27;[34mselect&amp#27;[0m
        u1_0.id,
        u1_0.activo,
        u1_0.apellido,
        u1_0.email,
        u1_0.fecha_creacion,
        u1_0.nombre,
        u1_0.password,
        u1_0.rol_id,
        u1_0.telefono,
        u1_0.ultimo_acceso 
    &amp#27;[34mfrom&amp#27;[0m
        usuarios u1_0 
    &amp#27;[34mwhere&amp#27;[0m
        u1_0.email=?
&amp#27;[35m[Hibernate]&amp#27;[0m 
    &amp#27;[34mselect&amp#27;[0m
        u1_0.id,
        u1_0.activo,
        u1_0.apellido,
        u1_0.email,
        u1_0.fecha_creacion,
        u1_0.nombre,
        u1_0.password,
        u1_0.rol_id,
        u1_0.telefono,
        u1_0.ultimo_acceso 
    &amp#27;[34mfrom&amp#27;[0m
        usuarios u1_0 
    &amp#27;[34mwhere&amp#27;[0m
        u1_0.email=?
2026-07-02T08:42:25.791-05:00 TRACE 28764 --- [main] [           main] org.hibernate.orm.jdbc.bind              : binding parameter (1:VARCHAR) <- [admin@test.com]

MockHttpServletRequest:
      HTTP Method = POST
      Request URI = /api/auth/login
       Parameters = {}
          Headers = [Content-Type:"application/json;charset=UTF-8", Content-Length:"62"]
             Body = {
    "email": "admin@test.com",
    "password": "password"
}

    Session Attrs = {}

Handler:
             Type = com.SaasRRHH.main.controller.AuthController
           Method = com.SaasRRHH.main.controller.AuthController#login(LoginRequestDTO)

Async:
    Async started = false
     Async result = null

Resolved Exception:
             Type = null

ModelAndView:
        View name = null
             View = null
            Model = null

FlashMap:
       Attributes = null

MockHttpServletResponse:
           Status = 401
    Error message = null
          Headers = [Vary:"Origin", "Access-Control-Request-Method", "Access-Control-Request-Headers", Content-Type:"application/json", X-Content-Type-Options:"nosniff", X-XSS-Protection:"0", Cache-Control:"no-cache, no-store, max-age=0, must-revalidate", Pragma:"no-cache", Expires:"0", X-Frame-Options:"DENY"]
     Content type = application/json
             Body = {"error":"Credenciales inválidas"}
    Forwarded URL = null
   Redirected URL = null
          Cookies = []
]]></system-out>
  </testcase>
  <testcase name="login_conBodyVacio_retornaError" classname="com.SaasRRHH.main.controller.AuthControllerTest" time="0.034">
    <system-out><![CDATA[2026-07-02T08:42:25.929-05:00  WARN 28764 --- [main] [           main] .w.s.m.s.DefaultHandlerExceptionResolver : Resolved [org.springframework.web.bind.MethodArgumentNotValidException: Validation failed for argument [0] in public org.springframework.http.ResponseEntity<?> com.SaasRRHH.main.controller.AuthController.login(com.SaasRRHH.main.controller.AuthController$LoginRequestDTO) with 2 errors: [Field error in object 'loginRequestDTO' on field 'email': rejected value [null]; codes [NotBlank.loginRequestDTO.email,NotBlank.email,NotBlank.java.lang.String,NotBlank]; arguments [org.springframework.context.support.DefaultMessageSourceResolvable: codes [loginRequestDTO.email,email]; arguments []; default message [email]]; default message [El correo electrónico no puede estar vacío]] [Field error in object 'loginRequestDTO' on field 'password': rejected value [null]; codes [NotBlank.loginRequestDTO.password,NotBlank.password,NotBlank.java.lang.String,NotBlank]; arguments [org.springframework.context.support.DefaultMessageSourceResolvable: codes [loginRequestDTO.password,password]; arguments []; default message [password]]; default message [La contraseña no puede estar vacía]] ]
]]></system-out>
  </testcase>
  <testcase name="login_conCredencialesSupervisor_devuelveToken" classname="com.SaasRRHH.main.controller.AuthControllerTest" time="0.124">
    <failure message="Status expected:&lt;200&gt; but was:&lt;401&gt;" type="java.lang.AssertionError"><![CDATA[java.lang.AssertionError: Status expected:<200> but was:<401>
	at org.springframework.test.util.AssertionErrors.fail(AssertionErrors.java:59)
	at org.springframework.test.util.AssertionErrors.assertEquals(AssertionErrors.java:122)
	at org.springframework.test.web.servlet.result.StatusResultMatchers.lambda$matcher$9(StatusResultMatchers.java:637)
	at org.springframework.test.web.servlet.MockMvc$1.andExpect(MockMvc.java:214)
	at com.SaasRRHH.main.controller.AuthControllerTest.login_conCredencialesSupervisor_devuelveToken(AuthControllerTest.java:90)
	at java.base/java.lang.reflect.Method.invoke(Method.java:568)
	at java.base/java.util.ArrayList.forEach(ArrayList.java:1511)
	at java.base/java.util.ArrayList.forEach(ArrayList.java:1511)
]]></failure>
    <system-out><![CDATA[2026-07-02T08:42:25.945-05:00 DEBUG 28764 --- [main] [           main] org.hibernate.SQL                        : 
    &amp#27;[34mselect&amp#27;[0m
        u1_0.id,
        u1_0.activo,
        u1_0.apellido,
        u1_0.email,
        u1_0.fecha_creacion,
        u1_0.nombre,
        u1_0.password,
        u1_0.rol_id,
        u1_0.telefono,
        u1_0.ultimo_acceso 
    &amp#27;[34mfrom&amp#27;[0m
        usuarios u1_0 
    &amp#27;[34mwhere&amp#27;[0m
        u1_0.email=?
&amp#27;[35m[Hibernate]&amp#27;[0m 
    &amp#27;[34mselect&amp#27;[0m
        u1_0.id,
        u1_0.activo,
        u1_0.apellido,
        u1_0.email,
        u1_0.fecha_creacion,
        u1_0.nombre,
        u1_0.password,
        u1_0.rol_id,
        u1_0.telefono,
        u1_0.ultimo_acceso 
    &amp#27;[34mfrom&amp#27;[0m
        usuarios u1_0 
    &amp#27;[34mwhere&amp#27;[0m
        u1_0.email=?
2026-07-02T08:42:25.947-05:00 TRACE 28764 --- [main] [           main] org.hibernate.orm.jdbc.bind              : binding parameter (1:VARCHAR) <- [supervisor@test.com]

MockHttpServletRequest:
      HTTP Method = POST
      Request URI = /api/auth/login
       Parameters = {}
          Headers = [Content-Type:"application/json;charset=UTF-8", Content-Length:"67"]
             Body = {
    "email": "supervisor@test.com",
    "password": "password"
}

    Session Attrs = {}

Handler:
             Type = com.SaasRRHH.main.controller.AuthController
           Method = com.SaasRRHH.main.controller.AuthController#login(LoginRequestDTO)

Async:
    Async started = false
     Async result = null

Resolved Exception:
             Type = null

ModelAndView:
        View name = null
             View = null
            Model = null

FlashMap:
       Attributes = null

MockHttpServletResponse:
           Status = 401
    Error message = null
          Headers = [Vary:"Origin", "Access-Control-Request-Method", "Access-Control-Request-Headers", Content-Type:"application/json", X-Content-Type-Options:"nosniff", X-XSS-Protection:"0", Cache-Control:"no-cache, no-store, max-age=0, must-revalidate", Pragma:"no-cache", Expires:"0", X-Frame-Options:"DENY"]
     Content type = application/json
             Body = {"error":"Credenciales inválidas"}
    Forwarded URL = null
   Redirected URL = null
          Cookies = []
]]></system-out>
  </testcase>
  <testcase name="accesoSinToken_aRutaProtegida_retorna403" classname="com.SaasRRHH.main.controller.AuthControllerTest" time="0.005"/>
  <testcase name="accesoConHeaderMalformado_retorna403" classname="com.SaasRRHH.main.controller.AuthControllerTest" time="0.005"/>
  <testcase name="accesoConTokenSupervisor_aRutaSoloAdmin_retorna403" classname="com.SaasRRHH.main.controller.AuthControllerTest" time="0.008">
    <error message="Usuario no encontrado con email: supervisor@test.com" type="org.springframework.security.core.userdetails.UsernameNotFoundException"><![CDATA[org.springframework.security.core.userdetails.UsernameNotFoundException: Usuario no encontrado con email: supervisor@test.com
	at com.SaasRRHH.main.security.CustomUserDetailsService.lambda$loadUserByUsername$0(CustomUserDetailsService.java:31)
	at java.base/java.util.Optional.orElseThrow(Optional.java:403)
	at com.SaasRRHH.main.security.CustomUserDetailsService.loadUserByUsername(CustomUserDetailsService.java:31)
	at com.SaasRRHH.main.controller.AuthControllerTest.obtenerTokenSupervisor(AuthControllerTest.java:259)
	at com.SaasRRHH.main.controller.AuthControllerTest.accesoConTokenSupervisor_aRutaSoloAdmin_retorna403(AuthControllerTest.java:169)
	at java.base/java.lang.reflect.Method.invoke(Method.java:568)
	at java.base/java.util.ArrayList.forEach(ArrayList.java:1511)
	at java.base/java.util.ArrayList.forEach(ArrayList.java:1511)
]]></error>
    <system-out><![CDATA[2026-07-02T08:42:26.078-05:00 DEBUG 28764 --- [main] [           main] org.hibernate.SQL                        : 
    &amp#27;[34mselect&amp#27;[0m
        u1_0.id,
        u1_0.activo,
        u1_0.apellido,
        u1_0.email,
        u1_0.fecha_creacion,
        u1_0.nombre,
        u1_0.password,
        u1_0.rol_id,
        u1_0.telefono,
        u1_0.ultimo_acceso 
    &amp#27;[34mfrom&amp#27;[0m
        usuarios u1_0 
    &amp#27;[34mwhere&amp#27;[0m
        u1_0.email=?
&amp#27;[35m[Hibernate]&amp#27;[0m 
    &amp#27;[34mselect&amp#27;[0m
        u1_0.id,
        u1_0.activo,
        u1_0.apellido,
        u1_0.email,
        u1_0.fecha_creacion,
        u1_0.nombre,
        u1_0.password,
        u1_0.rol_id,
        u1_0.telefono,
        u1_0.ultimo_acceso 
    &amp#27;[34mfrom&amp#27;[0m
        usuarios u1_0 
    &amp#27;[34mwhere&amp#27;[0m
        u1_0.email=?
2026-07-02T08:42:26.078-05:00 TRACE 28764 --- [main] [           main] org.hibernate.orm.jdbc.bind              : binding parameter (1:VARCHAR) <- [supervisor@test.com]
]]></system-out>
  </testcase>
  <testcase name="login_conEmailInexistente_retorna401" classname="com.SaasRRHH.main.controller.AuthControllerTest" time="0.108">
    <system-out><![CDATA[2026-07-02T08:42:26.088-05:00 DEBUG 28764 --- [main] [           main] org.hibernate.SQL                        : 
    &amp#27;[34mselect&amp#27;[0m
        u1_0.id,
        u1_0.activo,
        u1_0.apellido,
        u1_0.email,
        u1_0.fecha_creacion,
        u1_0.nombre,
        u1_0.password,
        u1_0.rol_id,
        u1_0.telefono,
        u1_0.ultimo_acceso 
    &amp#27;[34mfrom&amp#27;[0m
        usuarios u1_0 
    &amp#27;[34mwhere&amp#27;[0m
        u1_0.email=?
&amp#27;[35m[Hibernate]&amp#27;[0m 
    &amp#27;[34mselect&amp#27;[0m
        u1_0.id,
        u1_0.activo,
        u1_0.apellido,
        u1_0.email,
        u1_0.fecha_creacion,
        u1_0.nombre,
        u1_0.password,
        u1_0.rol_id,
        u1_0.telefono,
        u1_0.ultimo_acceso 
    &amp#27;[34mfrom&amp#27;[0m
        usuarios u1_0 
    &amp#27;[34mwhere&amp#27;[0m
        u1_0.email=?
2026-07-02T08:42:26.088-05:00 TRACE 28764 --- [main] [           main] org.hibernate.orm.jdbc.bind              : binding parameter (1:VARCHAR) <- [noexiste@test.com]
]]></system-out>
  </testcase>
  <testcase name="login_conPasswordIncorrecto_retorna401" classname="com.SaasRRHH.main.controller.AuthControllerTest" time="0.111">
    <system-out><![CDATA[2026-07-02T08:42:26.198-05:00 DEBUG 28764 --- [main] [           main] org.hibernate.SQL                        : 
    &amp#27;[34mselect&amp#27;[0m
        u1_0.id,
        u1_0.activo,
        u1_0.apellido,
        u1_0.email,
        u1_0.fecha_creacion,
        u1_0.nombre,
        u1_0.password,
        u1_0.rol_id,
        u1_0.telefono,
        u1_0.ultimo_acceso 
    &amp#27;[34mfrom&amp#27;[0m
        usuarios u1_0 
    &amp#27;[34mwhere&amp#27;[0m
        u1_0.email=?
&amp#27;[35m[Hibernate]&amp#27;[0m 
    &amp#27;[34mselect&amp#27;[0m
        u1_0.id,
        u1_0.activo,
        u1_0.apellido,
        u1_0.email,
        u1_0.fecha_creacion,
        u1_0.nombre,
        u1_0.password,
        u1_0.rol_id,
        u1_0.telefono,
        u1_0.ultimo_acceso 
    &amp#27;[34mfrom&amp#27;[0m
        usuarios u1_0 
    &amp#27;[34mwhere&amp#27;[0m
        u1_0.email=?
2026-07-02T08:42:26.198-05:00 TRACE 28764 --- [main] [           main] org.hibernate.orm.jdbc.bind              : binding parameter (1:VARCHAR) <- [admin@test.com]
]]></system-out>
  </testcase>
  <testcase name="accesoConTokenSupervisor_aNomina_retorna403" classname="com.SaasRRHH.main.controller.AuthControllerTest" time="0.008">
    <error message="Usuario no encontrado con email: supervisor@test.com" type="org.springframework.security.core.userdetails.UsernameNotFoundException"><![CDATA[org.springframework.security.core.userdetails.UsernameNotFoundException: Usuario no encontrado con email: supervisor@test.com
	at com.SaasRRHH.main.security.CustomUserDetailsService.lambda$loadUserByUsername$0(CustomUserDetailsService.java:31)
	at java.base/java.util.Optional.orElseThrow(Optional.java:403)
	at com.SaasRRHH.main.security.CustomUserDetailsService.loadUserByUsername(CustomUserDetailsService.java:31)
	at com.SaasRRHH.main.controller.AuthControllerTest.obtenerTokenSupervisor(AuthControllerTest.java:259)
	at com.SaasRRHH.main.controller.AuthControllerTest.accesoConTokenSupervisor_aNomina_retorna403(AuthControllerTest.java:179)
	at java.base/java.lang.reflect.Method.invoke(Method.java:568)
	at java.base/java.util.ArrayList.forEach(ArrayList.java:1511)
	at java.base/java.util.ArrayList.forEach(ArrayList.java:1511)
]]></error>
    <system-out><![CDATA[2026-07-02T08:42:26.310-05:00 DEBUG 28764 --- [main] [           main] org.hibernate.SQL                        : 
    &amp#27;[34mselect&amp#27;[0m
        u1_0.id,
        u1_0.activo,
        u1_0.apellido,
        u1_0.email,
        u1_0.fecha_creacion,
        u1_0.nombre,
        u1_0.password,
        u1_0.rol_id,
        u1_0.telefono,
        u1_0.ultimo_acceso 
    &amp#27;[34mfrom&amp#27;[0m
        usuarios u1_0 
    &amp#27;[34mwhere&amp#27;[0m
        u1_0.email=?
&amp#27;[35m[Hibernate]&amp#27;[0m 
    &amp#27;[34mselect&amp#27;[0m
        u1_0.id,
        u1_0.activo,
        u1_0.apellido,
        u1_0.email,
        u1_0.fecha_creacion,
        u1_0.nombre,
        u1_0.password,
        u1_0.rol_id,
        u1_0.telefono,
        u1_0.ultimo_acceso 
    &amp#27;[34mfrom&amp#27;[0m
        usuarios u1_0 
    &amp#27;[34mwhere&amp#27;[0m
        u1_0.email=?
2026-07-02T08:42:26.310-05:00 TRACE 28764 --- [main] [           main] org.hibernate.orm.jdbc.bind              : binding parameter (1:VARCHAR) <- [supervisor@test.com]
]]></system-out>
  </testcase>
</testsuite>